nohup: ignoring input
#0 building with "default" instance using docker driver

#1 [internal] load build definition from Dockerfile
#1 transferring dockerfile: 1.11kB done
#1 DONE 0.1s

#2 [internal] load metadata for docker.io/library/node:20-alpine
#2 DONE 1.4s

#3 [internal] load .dockerignore
#3 transferring context: 163B done
#3 DONE 0.0s

#4 [internal] load build context
#4 DONE 0.0s

#5 [ 1/15] FROM docker.io/library/node:20-alpine@sha256:2d07db07a2df6830718ae2a47db6fedce6745f5bcd174c398f2acdda90a11c03
#5 resolve docker.io/library/node:20-alpine@sha256:2d07db07a2df6830718ae2a47db6fedce6745f5bcd174c398f2acdda90a11c03 0.0s done
#5 DONE 0.0s

#5 [ 1/15] FROM docker.io/library/node:20-alpine@sha256:2d07db07a2df6830718ae2a47db6fedce6745f5bcd174c398f2acdda90a11c03
#5 sha256:45a59611ca84e7fa7e39413f7a657afd43e2b71b8d6cb3cb722d97ffc842decb 6.36kB / 6.36kB done
#5 sha256:43c4264eed91be63b206e17d93e75256a6097070ce643c5e8f0379998b44f170 0B / 3.62MB 0.1s
#5 sha256:c36270121b0cfc4d7ddaf49f4711e7bcad4cf5e364694d5ff4bd5b65b01ed571 0B / 42.31MB 0.1s
#5 sha256:842cd80f9366843dd6175d28abb6233501045711892a1a5a700676a0ed2d6ec4 0B / 1.39MB 0.1s
#5 sha256:2d07db07a2df6830718ae2a47db6fedce6745f5bcd174c398f2acdda90a11c03 7.67kB / 7.67kB done
#5 sha256:558a6416c5e0da2cb0f19bbc766f0a76825a7e76484bc211af0bb1cedbb7ca1e 1.72kB / 1.72kB done
#5 ...

#4 [internal] load build context
#4 transferring context: 709.71kB 0.1s done
#4 DONE 0.1s

#5 [ 1/15] FROM docker.io/library/node:20-alpine@sha256:2d07db07a2df6830718ae2a47db6fedce6745f5bcd174c398f2acdda90a11c03
#5 sha256:43c4264eed91be63b206e17d93e75256a6097070ce643c5e8f0379998b44f170 3.15MB / 3.62MB 0.2s
#5 extracting sha256:43c4264eed91be63b206e17d93e75256a6097070ce643c5e8f0379998b44f170
#5 sha256:43c4264eed91be63b206e17d93e75256a6097070ce643c5e8f0379998b44f170 3.62MB / 3.62MB 0.2s done
#5 sha256:c36270121b0cfc4d7ddaf49f4711e7bcad4cf5e364694d5ff4bd5b65b01ed571 3.15MB / 42.31MB 0.3s
#5 sha256:737da86e5e86be8d490b910c63f7a45bc0a97913a42ff71d396c801c8bf06a58 0B / 446B 0.3s
#5 sha256:c36270121b0cfc4d7ddaf49f4711e7bcad4cf5e364694d5ff4bd5b65b01ed571 15.73MB / 42.31MB 0.4s
#5 sha256:c36270121b0cfc4d7ddaf49f4711e7bcad4cf5e364694d5ff4bd5b65b01ed571 36.70MB / 42.31MB 0.6s
#5 sha256:842cd80f9366843dd6175d28abb6233501045711892a1a5a700676a0ed2d6ec4 1.39MB / 1.39MB 0.4s done
#5 extracting sha256:43c4264eed91be63b206e17d93e75256a6097070ce643c5e8f0379998b44f170 0.2s done
#5 sha256:737da86e5e86be8d490b910c63f7a45bc0a97913a42ff71d396c801c8bf06a58 446B / 446B 0.4s done
#5 sha256:c36270121b0cfc4d7ddaf49f4711e7bcad4cf5e364694d5ff4bd5b65b01ed571 42.31MB / 42.31MB 0.7s
#5 sha256:c36270121b0cfc4d7ddaf49f4711e7bcad4cf5e364694d5ff4bd5b65b01ed571 42.31MB / 42.31MB 0.7s done
#5 extracting sha256:c36270121b0cfc4d7ddaf49f4711e7bcad4cf5e364694d5ff4bd5b65b01ed571 0.1s
#5 extracting sha256:c36270121b0cfc4d7ddaf49f4711e7bcad4cf5e364694d5ff4bd5b65b01ed571 2.3s done
#5 extracting sha256:842cd80f9366843dd6175d28abb6233501045711892a1a5a700676a0ed2d6ec4
#5 extracting sha256:842cd80f9366843dd6175d28abb6233501045711892a1a5a700676a0ed2d6ec4 0.1s done
#5 extracting sha256:737da86e5e86be8d490b910c63f7a45bc0a97913a42ff71d396c801c8bf06a58
#5 extracting sha256:737da86e5e86be8d490b910c63f7a45bc0a97913a42ff71d396c801c8bf06a58 done
#5 DONE 3.5s

#6 [ 2/15] RUN apk add --no-cache     python3     py3-pip     git     libc6-compat     make     g++     nano
#6 0.535 fetch https://dl-cdn.alpinelinux.org/alpine/v3.20/main/x86_64/APKINDEX.tar.gz
#6 0.658 fetch https://dl-cdn.alpinelinux.org/alpine/v3.20/community/x86_64/APKINDEX.tar.gz
#6 1.314 (1/52) Installing libstdc++-dev (13.2.1_git20240309-r0)
#6 1.554 (2/52) Installing jansson (2.14-r4)
#6 1.559 (3/52) Installing zstd-libs (1.5.6-r0)
#6 1.571 (4/52) Installing binutils (2.42-r0)
#6 1.680 (5/52) Installing libgomp (13.2.1_git20240309-r0)
#6 1.689 (6/52) Installing libatomic (13.2.1_git20240309-r0)
#6 1.692 (7/52) Installing gmp (6.3.0-r1)
#6 1.700 (8/52) Installing isl26 (0.26-r1)
#6 1.729 (9/52) Installing mpfr4 (4.2.1-r0)
#6 1.742 (10/52) Installing mpc1 (1.3.1-r1)
#6 1.746 (11/52) Installing gcc (13.2.1_git20240309-r0)
#6 3.160 (12/52) Installing musl-dev (1.2.5-r0)
#6 3.271 (13/52) Installing g++ (13.2.1_git20240309-r0)
#6 3.659 (14/52) Installing ca-certificates (20240705-r0)
#6 3.681 (15/52) Installing brotli-libs (1.1.0-r2)
#6 3.696 (16/52) Installing c-ares (1.28.1-r0)
#6 3.700 (17/52) Installing libunistring (1.2-r0)
#6 3.720 (18/52) Installing libidn2 (2.3.7-r0)
#6 3.728 (19/52) Installing nghttp2-libs (1.62.1-r0)
#6 3.733 (20/52) Installing libpsl (0.21.5-r1)
#6 3.738 (21/52) Installing libcurl (8.9.1-r2)
#6 3.750 (22/52) Installing libexpat (2.6.3-r0)
#6 3.754 (23/52) Installing pcre2 (10.43-r0)
#6 3.767 (24/52) Installing git (2.45.2-r0)
#6 3.883 (25/52) Installing git-init-template (2.45.2-r0)
#6 3.888 (26/52) Installing musl-obstack (1.2.3-r2)
#6 3.891 (27/52) Installing libucontext (1.2-r3)
#6 3.894 (28/52) Installing gcompat (1.1.0-r4)
#6 3.900 (29/52) Installing make (4.4.1-r2)
#6 3.906 (30/52) Installing ncurses-terminfo-base (6.4_p20240420-r1)
#6 3.915 (31/52) Installing libncursesw (6.4_p20240420-r1)
#6 3.922 (32/52) Installing nano (8.0-r0)
#6 3.930 (33/52) Installing libbz2 (1.0.8-r6)
#6 3.933 (34/52) Installing libffi (3.4.6-r0)
#6 3.937 (35/52) Installing gdbm (1.23-r1)
#6 3.941 (36/52) Installing xz-libs (5.6.2-r0)
#6 3.947 (37/52) Installing mpdecimal (4.0.0-r0)
#6 3.953 (38/52) Installing libpanelw (6.4_p20240420-r1)
#6 3.955 (39/52) Installing readline (8.2.10-r0)
#6 3.962 (40/52) Installing sqlite-libs (3.45.3-r1)
#6 3.986 (41/52) Installing python3 (3.12.6-r0)
#6 4.307 (42/52) Installing python3-pycache-pyc0 (3.12.6-r0)
#6 4.509 (43/52) Installing pyc (3.12.6-r0)
#6 4.511 (44/52) Installing py3-setuptools-pyc (70.3.0-r0)
#6 4.591 (45/52) Installing py3-pip-pyc (24.0-r2)
#6 4.718 (46/52) Installing py3-parsing (3.1.2-r1)
#6 4.726 (47/52) Installing py3-parsing-pyc (3.1.2-r1)
#6 4.735 (48/52) Installing py3-packaging-pyc (24.0-r1)
#6 4.740 (49/52) Installing python3-pyc (3.12.6-r0)
#6 4.742 (50/52) Installing py3-packaging (24.0-r1)
#6 4.749 (51/52) Installing py3-setuptools (70.3.0-r0)
#6 4.817 (52/52) Installing py3-pip (24.0-r2)
#6 4.944 Executing busybox-1.36.1-r29.trigger
#6 4.954 Executing ca-certificates-20240705-r0.trigger
#6 5.021 OK: 292 MiB in 68 packages
#6 DONE 5.4s

#7 [ 3/15] WORKDIR /app
#7 DONE 0.1s

#8 [ 4/15] RUN pip install ccontext --break-system-packages
#8 3.238 Collecting ccontext
#8 3.272   Downloading ccontext-0.3.2-py3-none-any.whl.metadata (9.5 kB)
#8 3.347 Collecting colorama==0.4.6 (from ccontext)
#8 3.354   Downloading colorama-0.4.6-py2.py3-none-any.whl.metadata (17 kB)
#8 3.414 Collecting pathspec==0.12.1 (from ccontext)
#8 3.421   Downloading pathspec-0.12.1-py3-none-any.whl.metadata (21 kB)
#8 3.502 Collecting pypdf==4.3.1 (from ccontext)
#8 3.508   Downloading pypdf-4.3.1-py3-none-any.whl.metadata (7.4 kB)
#8 3.559 Collecting pyperclip==1.9.0 (from ccontext)
#8 3.566   Downloading pyperclip-1.9.0.tar.gz (20 kB)
#8 3.601   Installing build dependencies: started
#8 8.154   Installing build dependencies: finished with status 'done'
#8 8.156   Getting requirements to build wheel: started
#8 8.690   Getting requirements to build wheel: finished with status 'done'
#8 8.693   Preparing metadata (pyproject.toml): started
#8 9.182   Preparing metadata (pyproject.toml): finished with status 'done'
#8 9.630 Collecting reportlab==4.2.0 (from ccontext)
#8 9.637   Downloading reportlab-4.2.0-py3-none-any.whl.metadata (1.4 kB)
#8 9.735 Collecting tiktoken==0.7.0 (from ccontext)
#8 9.745   Downloading tiktoken-0.7.0-cp312-cp312-musllinux_1_2_x86_64.whl.metadata (6.6 kB)
#8 9.814 Collecting wcmatch==9.0 (from ccontext)
#8 9.819   Downloading wcmatch-9.0-py3-none-any.whl.metadata (4.9 kB)
#8 10.39 Collecting pillow>=9.0.0 (from reportlab==4.2.0->ccontext)
#8 10.40   Downloading pillow-10.4.0-cp312-cp312-musllinux_1_2_x86_64.whl.metadata (9.2 kB)
#8 10.44 Collecting chardet (from reportlab==4.2.0->ccontext)
#8 10.45   Downloading chardet-5.2.0-py3-none-any.whl.metadata (3.4 kB)
#8 11.47 Collecting regex>=2022.1.18 (from tiktoken==0.7.0->ccontext)
#8 11.48   Downloading regex-2024.9.11-cp312-cp312-musllinux_1_2_x86_64.whl.metadata (40 kB)
#8 11.50      â”â”â”â”â”â”â”â”â”â”â”â”â”â”â”â”â”â”â”â”â”â”â”â”â”â”â”â”â”â”â”â”â”â”â”â”â”â”â”â” 40.5/40.5 kB 2.3 MB/s eta 0:00:00
#8 11.61 Collecting requests>=2.26.0 (from tiktoken==0.7.0->ccontext)
#8 11.62   Downloading requests-2.32.3-py3-none-any.whl.metadata (4.6 kB)
#8 11.75 Collecting bracex>=2.1.1 (from wcmatch==9.0->ccontext)
#8 11.76   Downloading bracex-2.5-py3-none-any.whl.metadata (3.5 kB)
#8 11.97 Collecting charset-normalizer<4,>=2 (from requests>=2.26.0->tiktoken==0.7.0->ccontext)
#8 11.97   Downloading charset_normalizer-3.3.2-cp312-cp312-musllinux_1_1_x86_64.whl.metadata (33 kB)
#8 12.04 Collecting idna<4,>=2.5 (from requests>=2.26.0->tiktoken==0.7.0->ccontext)
#8 12.04   Downloading idna-3.10-py3-none-any.whl.metadata (10 kB)
#8 12.17 Collecting urllib3<3,>=1.21.1 (from requests>=2.26.0->tiktoken==0.7.0->ccontext)
#8 12.17   Downloading urllib3-2.2.3-py3-none-any.whl.metadata (6.5 kB)
#8 12.26 Collecting certifi>=2017.4.17 (from requests>=2.26.0->tiktoken==0.7.0->ccontext)
#8 12.27   Downloading certifi-2024.8.30-py3-none-any.whl.metadata (2.2 kB)
#8 12.34 Downloading ccontext-0.3.2-py3-none-any.whl (1.4 MB)
#8 12.37    â”â”â”â”â”â”â”â”â”â”â”â”â”â”â”â”â”â”â”â”â”â”â”â”â”â”â”â”â”â”â”â”â”â”â”â”â”â”â”â” 1.4/1.4 MB 58.6 MB/s eta 0:00:00
#8 12.38 Downloading colorama-0.4.6-py2.py3-none-any.whl (25 kB)
#8 12.40 Downloading pathspec-0.12.1-py3-none-any.whl (31 kB)
#8 12.41 Downloading pypdf-4.3.1-py3-none-any.whl (295 kB)
#8 12.43    â”â”â”â”â”â”â”â”â”â”â”â”â”â”â”â”â”â”â”â”â”â”â”â”â”â”â”â”â”â”â”â”â”â”â”â”â”â”â”â” 295.8/295.8 kB 21.9 MB/s eta 0:00:00
#8 12.44 Downloading reportlab-4.2.0-py3-none-any.whl (1.9 MB)
#8 12.48    â”â”â”â”â”â”â”â”â”â”â”â”â”â”â”â”â”â”â”â”â”â”â”â”â”â”â”â”â”â”â”â”â”â”â”â”â”â”â”â” 1.9/1.9 MB 62.3 MB/s eta 0:00:00
#8 12.48 Downloading tiktoken-0.7.0-cp312-cp312-musllinux_1_2_x86_64.whl (1.1 MB)
#8 12.51    â”â”â”â”â”â”â”â”â”â”â”â”â”â”â”â”â”â”â”â”â”â”â”â”â”â”â”â”â”â”â”â”â”â”â”â”â”â”â”â” 1.1/1.1 MB 52.4 MB/s eta 0:00:00
#8 12.52 Downloading wcmatch-9.0-py3-none-any.whl (39 kB)
#8 12.53 Downloading bracex-2.5-py3-none-any.whl (11 kB)
#8 12.55 Downloading pillow-10.4.0-cp312-cp312-musllinux_1_2_x86_64.whl (4.6 MB)
#8 12.62    â”â”â”â”â”â”â”â”â”â”â”â”â”â”â”â”â”â”â”â”â”â”â”â”â”â”â”â”â”â”â”â”â”â”â”â”â”â”â”â” 4.6/4.6 MB 72.6 MB/s eta 0:00:00
#8 12.63 Downloading regex-2024.9.11-cp312-cp312-musllinux_1_2_x86_64.whl (787 kB)
#8 12.65    â”â”â”â”â”â”â”â”â”â”â”â”â”â”â”â”â”â”â”â”â”â”â”â”â”â”â”â”â”â”â”â”â”â”â”â”â”â”â”â” 787.3/787.3 kB 45.2 MB/s eta 0:00:00
#8 12.66 Downloading requests-2.32.3-py3-none-any.whl (64 kB)
#8 12.68    â”â”â”â”â”â”â”â”â”â”â”â”â”â”â”â”â”â”â”â”â”â”â”â”â”â”â”â”â”â”â”â”â”â”â”â”â”â”â”â” 64.9/64.9 kB 5.4 MB/s eta 0:00:00
#8 12.68 Downloading chardet-5.2.0-py3-none-any.whl (199 kB)
#8 12.70    â”â”â”â”â”â”â”â”â”â”â”â”â”â”â”â”â”â”â”â”â”â”â”â”â”â”â”â”â”â”â”â”â”â”â”â”â”â”â”â” 199.4/199.4 kB 15.8 MB/s eta 0:00:00
#8 12.71 Downloading certifi-2024.8.30-py3-none-any.whl (167 kB)
#8 12.73    â”â”â”â”â”â”â”â”â”â”â”â”â”â”â”â”â”â”â”â”â”â”â”â”â”â”â”â”â”â”â”â”â”â”â”â”â”â”â”â” 167.3/167.3 kB 10.8 MB/s eta 0:00:00
#8 12.73 Downloading charset_normalizer-3.3.2-cp312-cp312-musllinux_1_1_x86_64.whl (142 kB)
#8 12.75    â”â”â”â”â”â”â”â”â”â”â”â”â”â”â”â”â”â”â”â”â”â”â”â”â”â”â”â”â”â”â”â”â”â”â”â”â”â”â”â” 142.2/142.2 kB 9.0 MB/s eta 0:00:00
#8 12.76 Downloading idna-3.10-py3-none-any.whl (70 kB)
#8 12.78    â”â”â”â”â”â”â”â”â”â”â”â”â”â”â”â”â”â”â”â”â”â”â”â”â”â”â”â”â”â”â”â”â”â”â”â”â”â”â”â” 70.4/70.4 kB 5.0 MB/s eta 0:00:00
#8 12.78 Downloading urllib3-2.2.3-py3-none-any.whl (126 kB)
#8 12.80    â”â”â”â”â”â”â”â”â”â”â”â”â”â”â”â”â”â”â”â”â”â”â”â”â”â”â”â”â”â”â”â”â”â”â”â”â”â”â”â” 126.3/126.3 kB 9.8 MB/s eta 0:00:00
#8 12.90 Building wheels for collected packages: pyperclip
#8 12.91   Building wheel for pyperclip (pyproject.toml): started
#8 13.49   Building wheel for pyperclip (pyproject.toml): finished with status 'done'
#8 13.50   Created wheel for pyperclip: filename=pyperclip-1.9.0-py3-none-any.whl size=11003 sha256=15567c8c7a77e532192f4d33bd22d4b2aa03a05f2093657ded6118a95fec9793
#8 13.50   Stored in directory: /root/.cache/pip/wheels/e0/e8/fc/8ab8aa326e33bc066ccd5f3ca9646eab4299881af933f94f09
#8 13.50 Successfully built pyperclip
#8 13.77 Installing collected packages: pyperclip, urllib3, regex, pypdf, pillow, pathspec, idna, colorama, charset-normalizer, chardet, certifi, bracex, wcmatch, requests, reportlab, tiktoken, ccontext
#8 19.30 WARNING: Running pip as the 'root' user can result in broken permissions and conflicting behaviour with the system package manager. It is recommended to use a virtual environment instead: https://pip.pypa.io/warnings/venv
#8 19.30 Successfully installed bracex-2.5 ccontext-0.3.2 certifi-2024.8.30 chardet-5.2.0 charset-normalizer-3.3.2 colorama-0.4.6 idna-3.10 pathspec-0.12.1 pillow-10.4.0 pypdf-4.3.1 pyperclip-1.9.0 regex-2024.9.11 reportlab-4.2.0 requests-2.32.3 tiktoken-0.7.0 urllib3-2.2.3 wcmatch-9.0
#8 DONE 20.0s

#9 [ 5/15] COPY package*.json ./
#9 DONE 0.1s

#10 [ 6/15] COPY prisma ./prisma/
#10 DONE 0.1s

#11 [ 7/15] COPY .env ./
#11 DONE 0.1s

#12 [ 8/15] RUN npm ci
#12 CANCELED

 [33m1 warning found (use docker --debug to expand):
[0m - LegacyKeyValueFormat: "ENV key=value" should be used instead of legacy "ENV key value" format (line 52)
ERROR: failed to solve: Canceled: context canceled
