[2024-09-22 21:46:32] Pulling latest changes from git...
[2024-09-22 21:46:32] Failed to pull latest changes
[2024-09-22 21:46:55] Pulling latest changes from git...
[2024-09-22 21:46:56] Failed to pull latest changes
[2024-09-22 21:48:30] Pulling latest changes from git...
From https://github.com/NicolasArnoutsHoGent/ccontext-github
 * branch            main       -> FETCH_HEAD
hint: You have divergent branches and need to specify how to reconcile them.
hint: You can do so by running one of the following commands sometime before
hint: your next pull:
hint: 
hint:   git config pull.rebase false  # merge
hint:   git config pull.rebase true   # rebase
hint:   git config pull.ff only       # fast-forward only
hint: 
hint: You can replace "git config" with "git config --global" to set a default
hint: preference for all repositories. You can also pass --rebase, --no-rebase,
hint: or --ff-only on the command line to override the configured default per
hint: invocation.
fatal: Need to specify how to reconcile divergent branches.
[2024-09-22 21:48:31] Failed to pull latest changes
